0 info it worked if it ends with ok
1 verbose cli [ 'E:\\NodeJS\\node.exe',
1 verbose cli   'E:\\NodeJS\\node_modules\\npm\\bin\\npm-cli.js',
1 verbose cli   'start' ]
2 info using npm@3.10.10
3 info using node@v6.11.1
4 verbose run-script [ 'prestart', 'start', 'poststart' ]
5 info lifecycle students@3.3.1~prestart: students@3.3.1
6 silly lifecycle students@3.3.1~prestart: no script for prestart, continuing
7 info lifecycle students@3.3.1~start: students@3.3.1
8 verbose lifecycle students@3.3.1~start: unsafe-perm in lifecycle true
9 verbose lifecycle students@3.3.1~start: PATH: E:\NodeJS\node_modules\npm\bin\node-gyp-bin;C:\Program Files\Git\personsdb\node_modules\.bin;C:\Program Files\Java\jre1.8.0_141\bin;C:\Windows\system32;C:\Windows;C:\Windows\System32\Wbem;C:\Windows\System32\WindowsPowerShell\v1.0\;C:\Program Files\WIDCOMM\Bluetooth Software\;C:\Program Files\ATI Technologies\ATI.ACE\Core-Static;C:\Windows\system32;C:\Windows;C:\Windows\System32\Wbem;C:\Windows\System32\WindowsPowerShell\v1.0\;C:\Program Files\WIDCOMM\Bluetooth Software\;C:\Program Files\ATI Technologies\ATI.ACE\Core-Static;C:\Program Files\Common Files\Adobe\AGL;C:\Program Files\Git\cmd;C:\Windows\system32;C:\Windows;C:\Windows\System32\Wbem;C:\Windows\System32\WindowsPowerShell\v1.0\;C:\Program Files\WIDCOMM\Bluetooth Software\;C:\Program Files\ATI Technologies\ATI.ACE\Core-Static;C:\Program Files\Git\cmd;E:\NodeJS;C:\adb;C:\Windows\system32;C:\Windows;C:\Windows\System32\Wbem;C:\Windows\System32\WindowsPowerShell\v1.0\;C:\Program Files\WIDCOMM\Bluetooth Software\;C:\Program Files\ATI Technologies\ATI.ACE\Core-Static;E:\NodeJS;C:\Users\SerG\adb
10 verbose lifecycle students@3.3.1~start: CWD: C:\Program Files\Git\personsdb
11 silly lifecycle students@3.3.1~start: Args: [ '/d /s /c', 'node server.js' ]
12 silly lifecycle students@3.3.1~start: Returned: code: 3221225786  signal: null
13 info lifecycle students@3.3.1~start: Failed to exec start script
14 verbose stack Error: students@3.3.1 start: `node server.js`
14 verbose stack Exit status 3221225786
14 verbose stack     at EventEmitter.<anonymous> (E:\NodeJS\node_modules\npm\lib\utils\lifecycle.js:255:16)
14 verbose stack     at emitTwo (events.js:106:13)
14 verbose stack     at EventEmitter.emit (events.js:191:7)
14 verbose stack     at ChildProcess.<anonymous> (E:\NodeJS\node_modules\npm\lib\utils\spawn.js:40:14)
14 verbose stack     at emitTwo (events.js:106:13)
14 verbose stack     at ChildProcess.emit (events.js:191:7)
14 verbose stack     at maybeClose (internal/child_process.js:891:16)
14 verbose stack     at Process.ChildProcess._handle.onexit (internal/child_process.js:226:5)
15 verbose pkgid students@3.3.1
16 verbose cwd C:\Program Files\Git\personsdb
17 error Windows_NT 6.1.7601
18 error argv "E:\\NodeJS\\node.exe" "E:\\NodeJS\\node_modules\\npm\\bin\\npm-cli.js" "start"
19 error node v6.11.1
20 error npm  v3.10.10
21 error code ELIFECYCLE
22 error students@3.3.1 start: `node server.js`
22 error Exit status 3221225786
23 error Failed at the students@3.3.1 start script 'node server.js'.
23 error Make sure you have the latest version of node.js and npm installed.
23 error If you do, this is most likely a problem with the students package,
23 error not with npm itself.
23 error Tell the author that this fails on your system:
23 error     node server.js
23 error You can get information on how to open an issue for this project with:
23 error     npm bugs students
23 error Or if that isn't available, you can get their info via:
23 error     npm owner ls students
23 error There is likely additional logging output above.
24 verbose exit [ 1, true ]
